         w __deregister_frame_info
         w __register_frame_info
         w _ITM_deregisterTMCloneTable
         w _ITM_registerTMCloneTable
         w _Jv_RegisterClasses
00000000 b _TLS_MODULE_BASE_
00000000 a shift
00000000 a shift
00000000 00002000 b tmp_buffer.7872
00001ff8 b .LANCHOR2
00002000 00000401 b __fixedpath
00002404 00000802 b __utf16path
00002c08 00000802 b __utf16path_old.7943
00100000 a __start__
00100000 T _start
00100008 T __service_ptr
0010000c T __apt_appid
00100010 T __heap_size
00100014 T __linear_heap_size
00100018 T __system_arglist
0010001c T __system_runflags
00100020 t startup
00100058 t ClearMem
0010006c t ClrLoop
00100094 T _init
001000ac T initSystem
001000f0 T __ctru_exit
00100110 T __aeabi_idiv
00100110 00000220 T __divsi3
00100118 t .divsi3_skip_div0_test
00100330 00000020 T __aeabi_idivmod
00100350 00000004 W __aeabi_idiv0
00100350 00000004 W __aeabi_ldiv0
00100354 T __aeabi_uldivmod
001003a8 00000390 T strcmp
00100730 t .udivsi3_skip_div0_test
00100730 T __aeabi_uidiv
00100730 000001ec T __udivsi3
0010091c 00000020 T __aeabi_uidivmod
0010093c t deregister_tm_clones
0010096c t register_tm_clones
001009a4 t __do_global_dtors_aux
001009e8 t frame_dummy
00100a44 00000008 t MyCallback
00100a4c 00000ab0 T main
001014fc 0000008c t gfxSetFramebufferInfo.part.0
00101588 00000018 T __get_bytes_per_pixel
001015a0 00000174 T gfxSetScreenFormat
00101714 00000014 T gfxSetDoubleBuffering
00101728 00000070 T gfxSetFramebufferInfo
00101798 00000088 T gfxWriteFramebufferInfo
00101820 000001fc T gfxInit
00101a1c 00000010 T gfxInitDefault
00101a2c 000000e0 T gfxExit
00101b0c 000000b0 T gfxGetFramebuffer
00101bbc 000000c8 T gfxFlushBuffers
00101c84 00000070 T gfxConfigScreen
00101cf4 00000020 T gfxSwapBuffers
00101d14 00000020 T gfxSwapBuffersGpu
00101d34 0000001c T debug_write
00101d50 00000018 T consoleSelect
00101d68 000001b0 T consoleDrawChar
00101f18 00000124 T consolePrintChar
0010203c 00000190 t consoleCls
001021cc 000000f8 T consoleInit
001022c4 00000144 t consoleClearLine
00102408 000000bc t newRow
001024c4 0000079c T con_write
00102c60 0000000c T consoleClear
00102c6c 000000d0 T hidExit
00102d3c 00000234 T hidScanInput
00102f70 00000010 T hidKeysDown
00102f80 00000018 T hidTouchRead
00102f98 00000090 T HIDUSER_GetHandles
00103028 0000018c T hidInit
001031b4 00000004 W _aptDebug
001031b8 00000130 T aptSendCommand
001032e8 0000003c t aptExitProcess
00103324 00000014 T aptSetMessageCallback
00103338 0000004c T APT_InquireNotification
00103384 0000019c t aptEventHandler
00103520 00000074 T APT_AppletUtility
00103594 000000b4 T aptSetSleepAllowed
00103648 000000b4 T APT_GlanceParameter
001036fc 000000c0 T APT_ReceiveParameter
001037bc 000000a8 t aptReceiveParameter.constprop.1
00103868 000001ec t aptScreenTransfer
00103a54 00000228 t aptWaitForWakeUp
00103c7c 00000058 T APT_SendParameter
00103cd4 00000070 T APT_CancelParameter
00103d44 00000230 T aptInit
00103f74 0000008c t aptClearParamQueue
00104000 00000214 T aptMainLoop
00104214 00000148 T aptExit
0010435c 000000dc T aptLaunchLibraryApplet
00104438 00000070 T APT_CheckNew3DS
001044a8 00000160 t gspEventThreadMain
00104608 00000074 T gspInit
0010467c 0000003c T gspExit
001046b8 00000088 T gspInitEventHandler
00104740 00000030 T gspExitEventHandler
00104770 00000044 T gspWaitForEvent
001047b4 0000006c T GSPGPU_SetBufferSwap
00104820 0000004c T GSPGPU_FlushDataCache
0010486c 00000034 T GSPGPU_SetLcdForceBlack
001048a0 00000064 T GSPGPU_RegisterInterruptRelayQueue
00104904 0000002c T GSPGPU_UnregisterInterruptRelayQueue
00104930 00000048 T GSPGPU_AcquireRight
00104978 0000002c T GSPGPU_ReleaseRight
001049a4 00000080 T GSPGPU_ImportDisplayCaptureInfo
00104a24 0000002c T GSPGPU_SaveVramSysArea
00104a50 0000002c T GSPGPU_RestoreVramSysArea
00104a7c 000000b0 T irrstScanInput
00104b2c 0000001c T irrstKeysHeld
00104b48 00000050 T IRRST_GetHandles
00104b98 00000150 T irrstInit
00104ce8 0000002c T IRRST_Shutdown
00104d14 000000ac T irrstExit
00104dc0 00000024 t swkbdConvertToUTF16.part.0
00104de4 0000016c t swkbdMessageCallback
00104f50 00000078 T swkbdInit
00104fc8 0000003c T swkbdSetFeatures
00105004 0000002c T swkbdSetHintText
00105030 00000014 T swkbdSetFilterCallback
00105044 00000378 T swkbdInputText
001053bc 000000c0 T utf8_to_utf16
0010547c 00000138 T decode_utf8
001055b4 000000e8 T utf16_to_utf8
0010569c 00000104 T encode_utf8
001057a0 00000068 T encode_utf16
00105808 000000e8 T __system_initArgv
001058f0 00000038 W __libctru_init
00105928 T svcControlMemory
00105948 T svcExitProcess
00105950 T svcCreateThread
00105970 T svcExitThread
00105978 T svcSleepThread
00105980 T svcReleaseMutex
00105988 T svcCreateEvent
0010599c T svcSignalEvent
001059a4 T svcClearEvent
001059ac T svcCreateMemoryBlock
001059c4 T svcMapMemoryBlock
001059cc T svcUnmapMemoryBlock
001059d4 T svcCreateAddressArbiter
001059e8 T svcArbitrateAddress
00105a00 T svcCloseHandle
00105a08 T svcWaitSynchronization
00105a10 T svcWaitSynchronizationN
00105a38 T svcDuplicateHandle
00105a4c T svcGetSystemTick
00105a54 T svcGetSystemInfo
00105a6c T svcConnectToPort
00105a80 T svcSendSyncRequest
00105a88 T svcBreak
00105a90 T svcOutputDebugString
00105a98 00000024 t addrMapNodeComparator(rbtree_node const*, rbtree_node const*)
00105abc 00000004 t addrMapNodeDestructor(rbtree_node*)
00105ac0 0000013c T linearMemAlign
00105bfc 00000008 T linearAlloc
00105c04 00000050 T linearFree
00105c54 00000024 t addrMapNodeComparator(rbtree_node const*, rbtree_node const*)
00105c78 00000004 t addrMapNodeDestructor(rbtree_node*)
00105c7c 000000f4 T mappableAlloc
00105d70 00000050 T mappableFree
00105dc0 00000024 t addrMapNodeComparator(rbtree_node const*, rbtree_node const*)
00105de4 00000004 t addrMapNodeDestructor(rbtree_node*)
00105de8 0000012c T vramMemAlign
00105f14 00000008 T vramAlloc
00105f1c 00000050 T vramFree
00105f6c 000001bc T threadCreate
00106128 00000024 T threadJoin
0010614c 00000070 T threadExit
001061bc 00000040 t _thread_begin
001061fc 00000050 T srvExit
0010624c 00000038 T srvRegisterClient
00106284 00000078 T srvInit
001062fc 00000068 T srvGetServiceHandleDirect
00106364 00000038 T srvGetServiceHandle
0010639c 00000058 t getSysTime
001063f4 00000024 T osGetMemRegionUsed
00106418 000000f4 T __libctru_gtod
0010650c 00000034 T __ctru_speedup_config
00106540 00000084 T envGetHandle
001065c4 0000004c T envDestroyHandles
00106610 00000034 t LightLock_Unlock.part.1
00106644 0000000c T __sync_init
00106650 00000018 T __sync_fini
00106668 00000010 T __sync_get_arbiter
00106678 00000018 T LightLock_Init
00106690 000000a0 T LightLock_Lock
00106730 00000034 T LightLock_TryLock
00106764 00000020 T LightLock_Unlock
00106784 00000024 T RecursiveLock_Init
001067a8 00000030 T RecursiveLock_Lock
001067d8 00000058 T RecursiveLock_TryLock
00106830 00000038 T RecursiveLock_Unlock
00106868 00000038 T LightEvent_Init
001068a0 0000007c T LightEvent_Clear
0010691c 000000dc T LightEvent_Signal
001069f8 000000d0 T LightEvent_Wait
00106ac8 00000070 T ptmSysmInit
00106b38 00000034 T ptmSysmExit
00106b6c 00000034 T PTMSYSM_ConfigureNew3DSCPU
00106ba0 00000070 T rbtree_find
00106c10 00000324 T rbtree_remove
00106f34 00000074 T rbtree_node_next
00106fa8 00000094 T rbtree_rotate
0010703c 0000018c t do_insert
001071c8 00000008 T rbtree_insert
001071d0 00000014 T rbtree_init
001071e4 00000060 T decode_utf16
00107244 000000a4 W __libctru_exit
001072e8 0000001c W __appExit
00107304 00000058 t osGetMemRegionSize
0010735c 00000104 W __system_allocateHeaps
00107460 00000030 t __ctru_get_reent
00107490 000000e4 T __system_initSyscalls
00107574 0000001c W __appInit
00107590 00000098 T MemPool::CoalesceRight(MemBlock*)
00107628 00000178 T MemPool::Allocate(MemChunk&, unsigned long, int)
001077a0 00000100 T MemPool::Deallocate(MemChunk const&)
001078a0 00000010 t sdmc_link
001078b0 00000010 t sdmc_dirreset
001078c0 00000010 t sdmc_fchmod
001078d0 00000024 t error_cmp
001078f4 00000050 t sdmc_translate_error
00107944 00000034 t sdmc_fsync
00107978 00000054 t sdmc_ftruncate
001079cc 000000b8 t sdmc_statvfs
00107a84 00000038 t sdmc_dirclose
00107abc 00000138 t sdmc_dirnext
00107bf4 00000034 t sdmc_close
00107c28 00000074 t sdmc_fstat
00107c9c 000000d8 t sdmc_seek
00107d74 00000084 t sdmc_read
00107df8 000000b8 t sdmc_write
00107eb0 000001b4 t sdmc_utf16path
00108064 00000074 t sdmc_rmdir
001080d8 000000a4 t sdmc_diropen
0010817c 000000a0 t sdmc_chdir
0010821c 00000098 t sdmc_mkdir
001082b4 00000108 t sdmc_rename
001083bc 00000074 t sdmc_unlink
00108430 00000108 t sdmc_stat
00108538 00000188 t sdmc_open
001086c0 00000010 t sdmc_chmod
001086d0 0000015c T sdmcInit
0010882c 00000058 T sdmcExit
00108884 00000028 t fsSessionForArchive.part.0
001088ac 000000c8 T fsInit
00108974 00000038 T fsExit
001089ac 000000a0 T fsExemptFromSession
00108a4c 00000054 T fsUnexemptFromSession
00108aa0 000000bc T FSUSER_OpenFile
00108b5c 000000a4 T FSUSER_DeleteFile
00108c00 000000e0 T FSUSER_RenameFile
00108ce0 000000a4 T FSUSER_DeleteDirectory
00108d84 000000bc T FSUSER_CreateFile
00108e40 000000ac T FSUSER_CreateDirectory
00108eec 000000e0 T FSUSER_RenameDirectory
00108fcc 000000a4 T FSUSER_OpenDirectory
00109070 00000098 T FSUSER_OpenArchive
00109108 00000074 T FSUSER_CloseArchive
0010917c 00000078 T FSUSER_GetSdmcArchiveResource
001091f4 00000064 T FSUSER_IsSdmcWritable
00109258 0000005c T FSFILE_Read
001092b4 00000064 T FSFILE_Write
00109318 0000003c T FSFILE_GetSize
00109354 0000002c T FSFILE_SetSize
00109380 0000003c T FSFILE_Close
001093bc 00000024 T FSFILE_Flush
001093e0 00000054 T FSDIR_Read
00109434 0000003c T FSDIR_Close
00109470 T __aeabi_read_tp
0010947c 00000128 T __udivmoddi4
001095a4 00000074 T bsearch
00109618 0000000c T __errno
00109624 00000154 T _fclose_r
00109778 00000018 T fclose
00109790 00000254 T __sflush_r
001099e4 00000094 T _fflush_r
00109a78 00000038 T fflush
00109ab0 0000000c T _cleanup_r
00109abc 00000080 t std.isra.0
00109b3c 00000048 T __sfmoreglue
00109b84 0000008c T __sinit
00109c10 00000118 T __sfp
00109d28 0000000c T __sfp_lock_acquire
00109d34 0000000c T __sfp_lock_release
00109d40 00000040 T __libc_fini_array
00109d80 00000148 T _fopen_r
00109ec8 00000020 T fopen
00109ee8 0000003c T fprintf
00109f24 000000f8 T _malloc_trim_r
0010a01c 000002e4 T _free_r
0010a300 0000003c T fscanf
0010a33c 00000004 T _fseek_r
0010a340 000005d4 T _fseeko_r
0010a914 00000078 T _fwalk
0010a98c 00000080 T _fwalk_reent
0010aa0c 000000f4 T _fwrite_r
0010ab00 00000038 T fwrite
0010ab38 00000078 T __libc_init_array
0010abb0 00000038 T iprintf
0010abe8 00000094 T __swhatbuf_r
0010ac7c 000000f4 T __smakebuf_r
0010ad70 00000020 T memalign
0010ad90 00000158 T _memalign_r
0010aee8 00000018 T malloc
0010af00 00000018 T free
0010af18 0000078c T _malloc_r
0010b6a4 00000104 T memchr
0010b7a8 00000114 T memcpy
0010b8bc 00000110 T memset
0010b9cc 0000000c T __malloc_lock
0010b9d8 0000000c T __malloc_unlock
0010b9e4 00000038 T printf
0010ba1c 0000001c T putchar
0010ba38 000000d4 T _putc_r
0010bb0c 000000e0 T _puts_r
0010bbec 00000018 T puts
0010bc04 0000001c t lflush
0010bc20 000001b4 T __srefill_r
0010bdd4 00000258 T setvbuf
0010c02c 00000068 T sprintf
0010c094 00000074 T sscanf
0010c108 0000003c T __sread
0010c144 00000008 T __seofread
0010c14c 00000064 T __swrite
0010c1b0 0000004c T __sseek
0010c1fc 00000008 T __sclose
0010c204 000000f0 T strcpy
0010c2f4 0000005c T strlen
0010c350 0000009c T strncat
0010c3ec 000000d8 T strncpy
0010c4c4 00001624 t get_arg
0010dae8 000041c4 T _svfprintf_r
00111cac 0000290c T __ssvfscanf_r
001145b8 00001624 t get_arg
00115bdc 0000001c t __sprint_r.part.0
00115bf8 0000001c T __sprint_r
00115c14 00002de8 T _vfiprintf_r
001189fc 000000cc t __sbprintf
00118ac8 00001624 t get_arg
0011a0f0 00004314 T _vfprintf_r
0011e404 000000cc t __sbprintf
0011e4d0 000029a4 T __svfscanf_r
00120e74 00000038 T _vfscanf_r
00120eac 00000108 T __swbuf_r
00120fb4 000000a0 T _wcrtomb_r
00121054 00000020 T _wcsrtombs_r
00121074 00000144 T __swsetup_r
001211b8 000001d0 t quorem
00121388 00001260 T _dtoa_r
001225e8 000000b0 T __sflags
00122698 000002d4 T _fread_r
0012296c 000004ac T __sfvwrite_r
00122e18 00000074 T iswspace
00122e8c 00000204 t __jp2uc
00123090 000000c8 T _jp2uc
00123158 00000008 T __localeconv_l
00123160 00000024 T _localeconv_r
00123184 00000024 T __locale_mb_cur_max
001231a8 00000008 T __locale_ctype_ptr_l
001231b0 00000024 T __locale_ctype_ptr
001231d4 000000b4 T _mbrtowc_r
00123288 00000300 T __utf8_mbtowc
00123588 00000148 T memmove
001236d0 00000088 T _Balloc
00123758 0000001c T _Bfree
00123774 000000d8 T __multadd
0012384c 000000f0 T __s2b
0012393c 00000058 T __hi0bits
00123994 0000009c T __lo0bits
00123a30 00000020 T __i2b
00123a50 000001cc T __multiply
00123c1c 00000100 T __pow5mult
00123d1c 000000e4 T __lshift
00123e00 00000060 T __mcmp
00123e60 00000198 T __mdiff
00123ff8 00000078 T __ulp
00124070 000000d4 T __b2d
00124144 00000108 T __d2b
0012424c 0000007c T __ratio
001242c8 0000006c T __copybits
00124334 00000080 T __any_on
001243b4 000004cc T _realloc_r
00124880 000000cc T __sccl
0012494c 0000000c T nanf
00124958 0000009c T frexp
001249f4 00000100 T stpncpy
00124af4 000001ac T strchr
00124ca0 00000108 T strncmp
00124da8 00000054 t sulp
00124e00 00001434 T _strtod_l
00126234 0000003c T _strtod_r
00126270 000002dc t _strtoll_l.isra.0
0012654c 00000050 T _strtoll_r
0012659c 00000220 t _strtol_l.isra.0
001267bc 00000050 T _strtol_r
00126810 00000268 t _strtoull_l.isra.0
00126a78 00000050 T _strtoull_r
00126ac8 000001e4 t _strtoul_l.isra.0
00126cac 00000050 T _strtoul_r
00126cfc 00000188 T __ssprint_r
00126e84 000000e8 T _sungetc_r
00126f6c 0000006c T __ssrefill_r
00126fd8 000000d0 T _sfread_r
001270a8 000000a8 T __submore
00127150 000001f0 T _ungetc_r
00127340 00000174 T _wcsnrtombs_l
001274b4 00000064 T _wcsnrtombs_r
00127518 000000e8 T __utf8_wctomb
00127600 00000090 T _calloc_r
00127690 000000f0 t rshift
00127780 000007f4 T __gethex
00127f74 00000064 T __match
00127fd8 00000264 T __hexnan
0012823c 00000008 t null_write
00128244 00000018 T setDefaultDevice
0012825c 000000cc T FindDevice
00128328 00000028 T RemoveDevice
00128350 00000098 T AddDevice
001283e8 00000084 T _close_r
0012846c 0000007c T _fstat_r
001284e8 00000008 T _isatty_r
001284f0 00000090 T _lseek_r
00128580 000000c0 T _open_r
00128640 00000088 T _read_r
001286c8 00000070 T _sbrk_r
00128738 00000088 T _write_r
001287c0 000001d4 T _concatenate_path
00128994 0000015c T chdir
00128af0 00000060 T mkdir
00128b50 00000008 T __flockfile
00128b58 00000008 T __funlockfile
00128b60 00000018 T __libc_lock_acquire
00128b78 00000018 T __libc_lock_release
00128b90 00000018 T __libc_lock_init_recursive
00128ba8 00000018 T __libc_lock_acquire_recursive
00128bc0 00000018 T __libc_lock_release_recursive
00128bd8 00000018 T __libc_lock_close_recursive
00128bf0 0000004c T __free_handle
00128c3c 00000040 T __release_handle
00128c7c 000000b4 T __alloc_handle
00128d30 00000018 T __get_handle
00128d48 00000028 T __getreent
00128d70 0000005c T strnlen
00128dcc 00000044 T strrchr
00128e10 T _fini
00129000 00000014 r CSWTCH.26
00129014 00000008 r framebufferInfoSt
0012901c 00000068 r dotab_3dmoo
00129084 00000068 r dotab_stdout
001290ec 00000068 r dotab_null
00129154 00000030 r colorTable
00129184 0000000c r serviceNameTable.7434
00129190 00000014 r swkbdFeatures
001291a4 R default_font_bin
001299a4 R default_font_bin_end
001299a4 R default_font_bin_size
001299a8 00000030 r error_table
0012a55c 00000004 R _global_impure_ptr
0012a5a0 r .LC2
0012a5a4 00000010 r blanks.8400
0012a5b4 00000010 r zeroes.8401
0012a5cc 00000022 r basefix.8441
0012a5f0 00000010 r blanks.8383
0012a600 00000010 r zeroes.8384
0012a610 00000010 r blanks.8415
0012a620 00000010 r zeroes.8416
0012a630 00000022 r basefix.8460
0012a678 000000bc r a1
0012a734 000000bc r a2
0012a7f0 0000005b r a3
0012a84c 00000070 r a6
0012a8bc 000000a2 r a7
0012a960 00000040 r a8
0012a9a0 0000172a r b02cf
0012c0cc 00001a7c r d02f4
0012db90 00000028 R __mprec_bigtens
0012dbb8 000000c8 R __mprec_tens
0012dc80 0000000c r p05.7191
0012dc9c 00000014 r fpi.7277
0012dcb0 00000014 r fpinan.7313
0012dcc8 00000028 r tinytens
0012dcf0 0000006c R __action_table
0012dd5c 00000100 R __chclass
0012de5c 0000006c R __state_table
0012dec8 00000101 R _ctype_
0012dfcc 00000100 R __hexdig
0012e0d4 00000068 R dotab_stdnull
0012e13c 00000003 R DIRECTORY_PARENT
0012e140 r __EH_FRAME_BEGIN__
0012e140 R __exidx_end
0012e140 R __exidx_start
0012f000 0000000a D versiontxt
0012f00c 00000001 d topFormat
0012f00d 00000001 d botFormat
0012f010 00000008 d doubleBuf
0012f018 0000004c D defaultConsole
0012f064 00000004 D currentConsole
0012f068 00000001 d firstConsoleInit.7754
0012f06c 00000004 d aptFlags
0012f070 00000004 d gspLastEvent
0012f074 W __stacksize__
0012f078 00000004 V __ctru_linear_heap_size
0012f07c 00000401 d __cwd
0012f480 00000068 d sdmc_devoptab
0012f4e8 0000000c d __sfp_lock
0012f4f4 0000000c d __sinit_lock
0012f500 00000004 D _impure_ptr
0012f508 00000460 d impure_data
0012f968 00000408 D __malloc_av_
0012fd70 00000004 D __malloc_sbrk_base
0012fd74 00000004 D __malloc_trim_threshold
0012fd78 0000000c d __malloc_lock_object
0012fd84 0000016c D __global_locale
0012fef0 00000004 d defaultDevice
0012fef4 00000040 D devoptab_list
0012ff34 00001000 d _current_working_directory
00130f34 00000004 d __hndl_lock
00130f38 0000000c d __stderr_handle
00130f44 0000000c d __stdin_handle
00130f50 0000000c d __stdout_handle
00130f5c 00001000 d handles
00131f5c t __frame_dummy_init_array_entry
00131f5c T __init_array_start
00131f5c d __JCR_LIST__
00131f5c B __preinit_array_end
00131f5c B __preinit_array_start
00131f5c D __tdata_lma
00131f5c D __tdata_lma_end
00131f5c D __TMC_END__
00131f5c d __TMC_LIST__
00131f60 t __do_global_dtors_aux_fini_array_entry
00131f60 T __fini_array_start
00131f60 T __init_array_end
00131f64 T __bss_start__
00131f64 T __fini_array_end
00131f64 00000400 b swkbd.13099
00132364 0000003c b mybuf.13093
001323a0 00000001 B logged
001323a4 00000400 b swkbd.13120
001327a4 0000001e b mybuf.13117
001327c2 00000001 B multiuser
001327c3 00000001 B killROT
001327c4 00000004 B versionnum
001327c8 00000001 b enable3d
001327cc 00000004 b screenAlloc
001327d0 00000004 b screenFree
001327d4 00000002 b currentBuffer
001327d8 00000004 b hidRefCount
001327dc 00000004 b kOld
001327e0 00000004 b kHeld
001327e4 00000004 b cPos
001327e8 00000004 b tPos
001327ec 00000006 b aVec
001327f4 00000006 b gRate
001327fc 00000004 b kDown
00132800 00000004 b kUp
00132804 00000004 b aptLockHandle
00132808 00000004 b serviceName.7433
0013280c 0000000c b aptFirstHook
00132818 00000004 b aptMessageFunc
0013281c 00000004 b aptMessageFuncData
00132820 0000000c b aptEvents
0013282c 00000001 b aptHomeButtonState
00132830 00000008 b aptSleepEvent
00132838 00001000 b aptParameters
00133838 00000004 b aptRefCount
0013383c 00000004 b aptEventHandlerThread
00133840 00000001 b flagInit.7784
00133841 00000001 b flagValue.7785
00133844 00000001 b gspRunEvents
00133848 00000004 b gspEvent
0013384c 00000004 b gspEventData
00133850 0000001c b gspEventCb
0013386c 00000007 b gspEventCbOneShot
00133874 0000001c b gspEventCbData
00133890 00000038 b gspEvents
001338c8 0000001c b gspEventCounts
001338e4 00000004 b gspRefCount
001338e8 00000004 b gspEventThread
001338ec 00000004 b irrstRefCount
001338f0 00000004 b kHeld
001338f4 00000004 b csPos
001338f8 00000004 b swkbdSharedMem
001338fc 00000004 b swkbdSharedMemHandle
00133900 b saved_stack
00133908 00000008 b sLinearPool
00133910 0000000c b sAddrMap
0013391c 00000008 b sMappablePool
00133924 0000000c b sAddrMap
00133930 00000008 b sVramPool
00133938 0000000c b sAddrMap
00133944 00000004 b srvRefCount
00133948 00000004 b srvHandle
0013394c 00000001 V __ctru_speedup
00133950 00000004 b arbiter
00133954 00000004 b ptmSysmRefCount
00133958 00000004 b ptmSysmHandle
0013395c 00000004 V __ctru_heap_size
00133960 00000008 b sdmcArchive
00133968 00000001 b sdmcInitialised
00133970 00000004 b fsuHandle
00133974 00000004 b fsuRefCount
00133978 00000080 b fsExemptArchives
001339f8 b completed.7620
001339fc b object.7625
00133a14 00000028 B __malloc_current_mallinfo
00133a3c 00000004 B __malloc_max_sbrked_mem
00133a40 00000004 B __malloc_max_total_mem
00133a44 00000004 B __malloc_top_pad
00133a48 00000004 b heap_start.6927
00133a4c 00000004 B fake_heap_end
00133a50 00000004 B fake_heap_start
00133a54 00001000 b temp_cwd
00134a54 00000038 B __syscalls
00134a8c 00000004 B touch
00134a90 00000004 B selection
00134a94 0000001e B sendusername
00134ab4 00000008 B gfxBottomFramebuffers
00134abc 00000004 B gspSharedMemHandle
00134ac0 0000001c B bottomFramebufferInfo
00134adc 00000004 B gspEvent
00134ae0 00000008 B gfxTopLeftFramebuffers
00134ae8 00000008 B gfxTopRightFramebuffers
00134af0 0000001c B topFramebufferInfo
00134b0c 00000001 B gfxThreadID
00134b10 00000004 B gfxSharedMemory
00134b14 00000004 B gfxTopFramebufferMaxSize
00134b18 00000004 B gfxBottomFramebufferMaxSize
00134b1c 0000004c B currentCopy
00134b68 00000004 B gxCmdBuf
00134b6c 00000004 B hidMemHandle
00134b70 00000004 B hidHandle
00134b74 00000004 B hidSharedMem
00134b78 00000014 B hidEvents
00134b8c 00000004 B gspGpuHandle
00134b90 00000004 B irrstHandle
00134b94 00000004 B irrstEvent
00134b98 00000004 B irrstMemHandle
00134b9c 00000004 B irrstSharedMem
00134ba0 00000004 B __system_argv
00134ba4 00000004 B __system_argc
00134ba8 00000004 B __system_retAddr
00134bac 00000004 B __ctru_linear_heap
00134bb0 00000004 B __ctru_heap
00134bb4 B __tls_start
00137fc0 B __bss_end__
00137fc0 A __end__
00137fc0 B __tls_end
